Determining if the pthread_create exist failed with the following output:
Change Dir: /home/bebop/ros_bebop_ws/build/CMakeFiles/CMakeTmp

Run Build Command:"/usr/bin/make" "cmTC_6b9ba/fast"
/usr/bin/make -f CMakeFiles/cmTC_6b9ba.dir/build.make CMakeFiles/cmTC_6b9ba.dir/build
make[1]: Entering directory '/home/bebop/ros_bebop_ws/build/CMakeFiles/CMakeTmp'
Building C object CMakeFiles/cmTC_6b9ba.dir/CheckSymbolExists.c.o
/usr/bin/cc     -o CMakeFiles/cmTC_6b9ba.dir/CheckSymbolExists.c.o   -c /home/bebop/ros_bebop_ws/build/CMakeFiles/CMakeTmp/CheckSymbolExists.c
Linking C executable cmTC_6b9ba
/usr/bin/cmake -E cmake_link_script CMakeFiles/cmTC_6b9ba.dir/link.txt --verbose=1
/usr/bin/cc       CMakeFiles/cmTC_6b9ba.dir/CheckSymbolExists.c.o  -o cmTC_6b9ba -rdynamic 
CMakeFiles/cmTC_6b9ba.dir/CheckSymbolExists.c.o: In function `main':
CheckSymbolExists.c:(.text+0x16): undefined reference to `pthread_create'
collect2: error: ld returned 1 exit status
CMakeFiles/cmTC_6b9ba.dir/build.make:97: recipe for target 'cmTC_6b9ba' failed
make[1]: *** [cmTC_6b9ba] Error 1
make[1]: Leaving directory '/home/bebop/ros_bebop_ws/build/CMakeFiles/CMakeTmp'
Makefile:126: recipe for target 'cmTC_6b9ba/fast' failed
make: *** [cmTC_6b9ba/fast] Error 2

File /home/bebop/ros_bebop_ws/build/CMakeFiles/CMakeTmp/CheckSymbolExists.c:
/* */
#include <pthread.h>

int main(int argc, char** argv)
{
  (void)argv;
#ifndef pthread_create
  return ((int*)(&pthread_create))[argc];
#else
  (void)argc;
  return 0;
#endif
}

Determining if the function pthread_create exists in the pthreads failed with the following output:
Change Dir: /home/bebop/ros_bebop_ws/build/CMakeFiles/CMakeTmp

Run Build Command:"/usr/bin/make" "cmTC_6ad82/fast"
/usr/bin/make -f CMakeFiles/cmTC_6ad82.dir/build.make CMakeFiles/cmTC_6ad82.dir/build
make[1]: Entering directory '/home/bebop/ros_bebop_ws/build/CMakeFiles/CMakeTmp'
Building C object CMakeFiles/cmTC_6ad82.dir/CheckFunctionExists.c.o
/usr/bin/cc    -DCHECK_FUNCTION_EXISTS=pthread_create   -o CMakeFiles/cmTC_6ad82.dir/CheckFunctionExists.c.o   -c /usr/share/cmake-3.5/Modules/CheckFunctionExists.c
Linking C executable cmTC_6ad82
/usr/bin/cmake -E cmake_link_script CMakeFiles/cmTC_6ad82.dir/link.txt --verbose=1
/usr/bin/cc   -DCHECK_FUNCTION_EXISTS=pthread_create    CMakeFiles/cmTC_6ad82.dir/CheckFunctionExists.c.o  -o cmTC_6ad82 -rdynamic -lpthreads 
/usr/bin/ld: cannot find -lpthreads
collect2: error: ld returned 1 exit status
CMakeFiles/cmTC_6ad82.dir/build.make:97: recipe for target 'cmTC_6ad82' failed
make[1]: *** [cmTC_6ad82] Error 1
make[1]: Leaving directory '/home/bebop/ros_bebop_ws/build/CMakeFiles/CMakeTmp'
Makefile:126: recipe for target 'cmTC_6ad82/fast' failed
make: *** [cmTC_6ad82/fast] Error 2


